0 info it worked if it ends with ok
1 verbose cli [ '/usr/local/bin/node',
1 verbose cli   '/usr/local/bin/npm',
1 verbose cli   'run',
1 verbose cli   'precommit' ]
2 info using npm@3.3.12
3 info using node@v5.2.0
4 verbose run-script [ 'precommit' ]
5 info lifecycle request-animation-frame@0.0.0~precommit: request-animation-frame@0.0.0
6 verbose lifecycle request-animation-frame@0.0.0~precommit: unsafe-perm in lifecycle true
7 verbose lifecycle request-animation-frame@0.0.0~precommit: PATH: /usr/local/lib/node_modules/npm/bin/node-gyp-bin:/Users/vivaxy/code/github/request-animation-frame/node_modules/.bin:/usr/local/lib/node_modules/npm/bin/node-gyp-bin:/Users/vivaxy/code/github/request-animation-frame/node_modules/husky/node_modules/.bin:/Users/vivaxy/code/github/request-animation-frame/node_modules/.bin:/usr/local/maven/apache-maven-3.2.3/bin:/usr/local/bin:/usr/bin:/bin:/usr/sbin:/sbin:/usr/local/git/bin
8 verbose lifecycle request-animation-frame@0.0.0~precommit: CWD: /Users/vivaxy/code/github/request-animation-frame
9 silly lifecycle request-animation-frame@0.0.0~precommit: Args: [ '-c', 'eslint .' ]
10 silly lifecycle request-animation-frame@0.0.0~precommit: Returned: code: 1  signal: null
11 info lifecycle request-animation-frame@0.0.0~precommit: Failed to exec precommit script
12 verbose stack Error: request-animation-frame@0.0.0 precommit: `eslint .`
12 verbose stack Exit status 1
12 verbose stack     at EventEmitter.<anonymous> (/usr/local/lib/node_modules/npm/lib/utils/lifecycle.js:232:16)
12 verbose stack     at emitTwo (events.js:88:13)
12 verbose stack     at EventEmitter.emit (events.js:173:7)
12 verbose stack     at ChildProcess.<anonymous> (/usr/local/lib/node_modules/npm/lib/utils/spawn.js:24:14)
12 verbose stack     at emitTwo (events.js:88:13)
12 verbose stack     at ChildProcess.emit (events.js:173:7)
12 verbose stack     at maybeClose (internal/child_process.js:819:16)
12 verbose stack     at Process.ChildProcess._handle.onexit (internal/child_process.js:212:5)
13 verbose pkgid request-animation-frame@0.0.0
14 verbose cwd /Users/vivaxy/code/github/request-animation-frame
15 error Darwin 15.2.0
16 error argv "/usr/local/bin/node" "/usr/local/bin/npm" "run" "precommit"
17 error node v5.2.0
18 error npm  v3.3.12
19 error code ELIFECYCLE
20 error request-animation-frame@0.0.0 precommit: `eslint .`
20 error Exit status 1
21 error Failed at the request-animation-frame@0.0.0 precommit script 'eslint .'.
21 error Make sure you have the latest version of node.js and npm installed.
21 error If you do, this is most likely a problem with the request-animation-frame package,
21 error not with npm itself.
21 error Tell the author that this fails on your system:
21 error     eslint .
21 error You can get their info via:
21 error     npm owner ls request-animation-frame
21 error There is likely additional logging output above.
22 verbose exit [ 1, true ]
